<?xml version="1.0" encoding="UTF-8"?>
<!-- Generated by org.testng.reporters.JUnitReportReporter -->
<testsuite hostname="ThinkPad-R61" name="org.index.mapper.xcontent.test.DateAttachmentMapperTests" tests="1" failures="1" timestamp="4 Jan 2014 09:51:37 GMT" time="0.106" errors="0">
  <testcase name="testSimpleMappings" time="0.106" classname="org.index.mapper.xcontent.test.DateAttachmentMapperTests">
    <failure type="org.elasticsearch.index.mapper.MapperParsingException" message="No handler for type [attachment1] declared on field [file]">
      <![CDATA[org.elasticsearch.index.mapper.MapperParsingException: No handler for type [attachment1] declared on field [file]
	at org.elasticsearch.index.mapper.object.ObjectMapper$TypeParser.parseProperties(ObjectMapper.java:261)
	at org.elasticsearch.index.mapper.object.ObjectMapper$TypeParser.parse(ObjectMapper.java:219)
	at org.elasticsearch.index.mapper.DocumentMapperParser.parse(DocumentMapperParser.java:176)
	at org.elasticsearch.index.mapper.DocumentMapperParser.parse(DocumentMapperParser.java:148)
	at org.elasticsearch.index.mapper.DocumentMapperParser.parse(DocumentMapperParser.java:144)
	at org.index.mapper.xcontent.test.DateAttachmentMapperTests.testSimpleMappings(DateAttachmentMapperTests.java:59)
	at sun.reflect.NativeMethodAccessorImpl.invoke0(Native Method)
	at sun.reflect.NativeMethodAccessorImpl.invoke(NativeMethodAccessorImpl.java:39)
	at sun.reflect.DelegatingMethodAccessorImpl.invoke(DelegatingMethodAccessorImpl.java:25)
	at java.lang.reflect.Method.invoke(Method.java:597)
	at org.testng.internal.MethodInvocationHelper.invokeMethod(MethodInvocationHelper.java:84)
	at org.testng.internal.Invoker.invokeMethod(Invoker.java:714)
	at org.testng.internal.Invoker.invokeTestMethod(Invoker.java:901)
	at org.testng.internal.Invoker.invokeTestMethods(Invoker.java:1231)
	at org.testng.internal.TestMethodWorker.invokeTestMethods(TestMethodWorker.java:127)
	at org.testng.internal.TestMethodWorker.run(TestMethodWorker.java:111)
	at org.testng.TestRunner.privateRun(TestRunner.java:767)
	at org.testng.TestRunner.run(TestRunner.java:617)
	at org.testng.SuiteRunner.runTest(SuiteRunner.java:334)
	at org.testng.SuiteRunner.runSequentially(SuiteRunner.java:329)
	at org.testng.SuiteRunner.privateRun(SuiteRunner.java:291)
	at org.testng.SuiteRunner.run(SuiteRunner.java:240)
	at org.testng.SuiteRunnerWorker.runSuite(SuiteRunnerWorker.java:52)
	at org.testng.SuiteRunnerWorker.run(SuiteRunnerWorker.java:86)
	at org.testng.TestNG.runSuitesSequentially(TestNG.java:1224)
	at org.testng.TestNG.runSuitesLocally(TestNG.java:1149)
	at org.testng.TestNG.run(TestNG.java:1057)
	at org.testng.remote.RemoteTestNG.run(RemoteTestNG.java:111)
	at org.testng.remote.RemoteTestNG.initAndRun(RemoteTestNG.java:204)
	at org.testng.remote.RemoteTestNG.main(RemoteTestNG.java:175)
]]>
    </failure>
  </testcase> <!-- testSimpleMappings -->
</testsuite> <!-- org.index.mapper.xcontent.test.DateAttachmentMapperTests -->
