<?xml version="1.0" encoding="UTF-8"?>
<testng-results skipped="0" failed="0" total="3" passed="3">
  <reporter-output>
  </reporter-output>
  <suite name="Default suite" duration-ms="2712" started-at="2014-01-05T10:02:08Z" finished-at="2014-01-05T10:02:10Z">
    <groups>
    </groups>
    <test name="Default test" duration-ms="2712" started-at="2014-01-05T10:02:08Z" finished-at="2014-01-05T10:02:10Z">
      <class name="org.index.mapper.xcontent.test.EncryptedDocMapperTest">
        <test-method status="PASS" signature="testMultipleDocsEncryptedFirst()[pri:0, instance:org.index.mapper.xcontent.test.EncryptedDocMapperTest@238a47]" name="testMultipleDocsEncryptedFirst" duration-ms="2547" started-at="2014-01-05T18:02:08Z" finished-at="2014-01-05T18:02:10Z">
          <reporter-output>
          </reporter-output>
        </test-method> <!-- testMultipleDocsEncryptedFirst -->
        <test-method status="PASS" signature="testMultipleDocsEncryptedLast()[pri:0, instance:org.index.mapper.xcontent.test.EncryptedDocMapperTest@238a47]" name="testMultipleDocsEncryptedLast" duration-ms="75" started-at="2014-01-05T18:02:10Z" finished-at="2014-01-05T18:02:10Z">
          <reporter-output>
          </reporter-output>
        </test-method> <!-- testMultipleDocsEncryptedLast -->
        <test-method status="PASS" signature="testMultipleDocsEncryptedNotIgnoringErrors()[pri:0, instance:org.index.mapper.xcontent.test.EncryptedDocMapperTest@238a47]" name="testMultipleDocsEncryptedNotIgnoringErrors" duration-ms="60" started-at="2014-01-05T18:02:10Z" finished-at="2014-01-05T18:02:10Z">
          <exception class="org.elasticsearch.index.mapper.MapperParsingException">
            <message>
              <![CDATA[Failed to extract [100000] characters of text for [null]]]>
            </message>
            <full-stacktrace>
              <![CDATA[org.elasticsearch.index.mapper.MapperParsingException: Failed to extract [100000] characters of text for [null]
	at org.index.mapper.attachment.AttachmentMapper.parse(AttachmentMapper.java:449)
	at org.elasticsearch.index.mapper.object.ObjectMapper.serializeValue(ObjectMapper.java:618)
	at org.elasticsearch.index.mapper.object.ObjectMapper.parse(ObjectMapper.java:471)
	at org.elasticsearch.index.mapper.DocumentMapper.parse(DocumentMapper.java:513)
	at org.elasticsearch.index.mapper.DocumentMapper.parse(DocumentMapper.java:457)
	at org.elasticsearch.index.mapper.DocumentMapper.parse(DocumentMapper.java:449)
	at org.index.mapper.xcontent.test.EncryptedDocMapperTest.testMultipleDocsEncryptedNotIgnoringErrors(EncryptedDocMapperTest.java:171)
	at sun.reflect.NativeMethodAccessorImpl.invoke0(Native Method)
	at sun.reflect.NativeMethodAccessorImpl.invoke(NativeMethodAccessorImpl.java:39)
	at sun.reflect.DelegatingMethodAccessorImpl.invoke(DelegatingMethodAccessorImpl.java:25)
	at java.lang.reflect.Method.invoke(Method.java:597)
	at org.testng.internal.MethodInvocationHelper.invokeMethod(MethodInvocationHelper.java:84)
	at org.testng.internal.Invoker.invokeMethod(Invoker.java:714)
	at org.testng.internal.Invoker.invokeTestMethod(Invoker.java:901)
	at org.testng.internal.Invoker.invokeTestMethods(Invoker.java:1231)
	at org.testng.internal.TestMethodWorker.invokeTestMethods(TestMethodWorker.java:127)
	at org.testng.internal.TestMethodWorker.run(TestMethodWorker.java:111)
	at org.testng.TestRunner.privateRun(TestRunner.java:767)
	at org.testng.TestRunner.run(TestRunner.java:617)
	at org.testng.SuiteRunner.runTest(SuiteRunner.java:334)
	at org.testng.SuiteRunner.runSequentially(SuiteRunner.java:329)
	at org.testng.SuiteRunner.privateRun(SuiteRunner.java:291)
	at org.testng.SuiteRunner.run(SuiteRunner.java:240)
	at org.testng.SuiteRunnerWorker.runSuite(SuiteRunnerWorker.java:52)
	at org.testng.SuiteRunnerWorker.run(SuiteRunnerWorker.java:86)
	at org.testng.TestNG.runSuitesSequentially(TestNG.java:1224)
	at org.testng.TestNG.runSuitesLocally(TestNG.java:1149)
	at org.testng.TestNG.run(TestNG.java:1057)
	at org.testng.remote.RemoteTestNG.run(RemoteTestNG.java:111)
	at org.testng.remote.RemoteTestNG.initAndRun(RemoteTestNG.java:204)
	at org.testng.remote.RemoteTestNG.main(RemoteTestNG.java:175)
Caused by: org.apache.tika.exception.TikaException: Unable to extract PDF content
	at org.apache.tika.parser.pdf.PDF2XHTML.process(PDF2XHTML.java:88)
	at org.apache.tika.parser.pdf.PDFParser.parse(PDFParser.java:154)
	at org.apache.tika.parser.CompositeParser.parse(CompositeParser.java:242)
	at org.apache.tika.parser.CompositeParser.parse(CompositeParser.java:242)
	at org.apache.tika.parser.AutoDetectParser.parse(AutoDetectParser.java:120)
	at org.apache.tika.Tika.parseToString(Tika.java:421)
	at org.index.mapper.attachment.AttachmentMapper.parse(AttachmentMapper.java:441)
	... 30 more
Caused by: org.apache.pdfbox.exceptions.WrappedIOException: Error decrypting document, details: 
	at org.apache.pdfbox.util.PDFTextStripper.writeText(PDFTextStripper.java:327)
	at org.apache.tika.parser.pdf.PDF2XHTML.process(PDF2XHTML.java:72)
	... 36 more
Caused by: org.apache.pdfbox.exceptions.CryptographyException: Error: The supplied password does not match either the owner or user password in the document.
	at org.apache.pdfbox.pdmodel.encryption.StandardSecurityHandler.prepareForDecryption(StandardSecurityHandler.java:262)
	at org.apache.pdfbox.pdmodel.encryption.StandardSecurityHandler.decryptDocument(StandardSecurityHandler.java:154)
	at org.apache.pdfbox.pdmodel.PDDocument.openProtection(PDDocument.java:1504)
	at org.apache.pdfbox.pdmodel.PDDocument.decrypt(PDDocument.java:914)
	at org.apache.pdfbox.util.PDFTextStripper.writeText(PDFTextStripper.java:323)
	... 37 more
]]>
            </full-stacktrace>
          </exception> <!-- org.elasticsearch.index.mapper.MapperParsingException -->
          <reporter-output>
          </reporter-output>
        </test-method> <!-- testMultipleDocsEncryptedNotIgnoringErrors -->
      </class> <!-- org.index.mapper.xcontent.test.EncryptedDocMapperTest -->
    </test> <!-- Default test -->
  </suite> <!-- Default suite -->
</testng-results>
